  6.19.c
C:\Users\k7089\OneDrive\桌面\高階程式設計\HW5\HW5\HW5\6.19.c(11,18): warning C4244: '函式': 將 'time_t' 轉換為 'unsigned int'，由於類型不同，可能導致資料遺失
  6.33.c
  6.37.c
  P05.c
  P06.c
  P10.c
  P15.c
  P19.c
  P25.c
C:\Users\k7089\OneDrive\桌面\高階程式設計\HW5\HW5\HW5\P25.c(19,15): warning C4244: '函式': 將 'time_t' 轉換為 'unsigned int'，由於類型不同，可能導致資料遺失
  正在產生程式碼...
C:\Users\k7089\OneDrive\桌面\高階程式設計\HW5\HW5\HW5\P10.c(20): warning C4716: 'cubeByReference': 必須傳回值
  P13.cpp
  LINK : 最後的累加連結找不到或未建置 C:\Users\k7089\OneDrive\桌面\高階程式設計\HW5\HW5\Debug\HW5.exe，正在執行完整連結
6.33.obj : error LNK2005: _main 已在 6.19.obj 中定義過了
6.36.obj : error LNK2005: _main 已在 6.19.obj 中定義過了
6.37.obj : error LNK2005: _main 已在 6.19.obj 中定義過了
P05.obj : error LNK2005: _main 已在 6.19.obj 中定義過了
P06.obj : error LNK2005: _main 已在 6.19.obj 中定義過了
P10.obj : error LNK2005: _main 已在 6.19.obj 中定義過了
P13.obj : error LNK2005: _main 已在 6.19.obj 中定義過了
P15.obj : error LNK2005: _main 已在 6.19.obj 中定義過了
P19.obj : error LNK2005: _main 已在 6.19.obj 中定義過了
P25.obj : error LNK2005: _main 已在 6.19.obj 中定義過了
C:\Users\k7089\OneDrive\桌面\高階程式設計\HW5\HW5\Debug\HW5.exe : fatal error LNK1169: 找到有一或多個已定義的符號
